<?xml version='1.0' encoding='utf-8'?>
<!DOCTYPE hibernate-configuration PUBLIC "-//Hibernate/Hibernate Configuration DTD 3.0//EN"
        "http://www.hibernate.org/dtd/hibernate-configuration-3.0.dtd">

<hibernate-configuration>
    <session-factory>

        <property name="hibernate.dialect">org.hibernate.dialect.MySQLDialect</property>
        <property name="hibernate.connection.driver_class">com.mysql.cj.jdbc.Driver</property>
        <property name="hibernate.connection.url">jdbc:mysql://localhost:3306/rdbms</property>
        <property name="hibernate.connection.username">mysql</property>
        <property name="hibernate.connection.password"></property>
        <property name="hibernate.show_sql">true</property>
        <property name="hibernate.format_sql">true</property>
        <property name="hibernate.connection.release_mode">auto</property>
        <property name="current_session_context_class">thread</property>
        <property name="hibernate.connection.autoReconnect">true</property>

        <mapping class="training.hotel.Hotel" />
        <mapping class="training.address.Address"></mapping>
        <mapping class="training.building.Room"></mapping>
        <mapping class="training.building.Amenity"></mapping>
        <mapping class="training.building.RoomTypes"></mapping>
        <mapping class="training.reservations.Reservation"></mapping>
    </session-factory>

</hibernate-configuration>